<?xml version="1.0" encoding="UTF-8"?>
<!-- Generated by org.testng.reporters.JUnitReportReporter -->
<testsuite hostname="LAPTOP-KFRFONK0" name="com.workable.movierama.tests.MovieSearchTest" tests="5" failures="2" timestamp="18 Aug 2016 20:10:06 GMT" time="28.594" errors="0">
  <testcase name="testMovieRama" time="5.944" classname="com.workable.movierama.tests.MovieSearchTest"/>
  <testcase name="testMovieRama" time="9.169" classname="com.workable.movierama.tests.MovieSearchTest">
    <failure type="java.lang.AssertionError" message="Movie Movie [title=The Pet, actors=[Andrea Edmondson ,, Carole Lieberman ,, Gary Null], description=A young woman in dire financial straights accepts an offer to be a wealthy aristocrat&#039;s human &quot;pet&quot; for six months. Then ruthless modern &quot;pet-nappers&quot; kidnap the woman to sell her on the GSM (Global Slave Market)., review=0, starringActorsStr=2001 - Staring: Andrea Edmondson , Carole Lieberman , Gary Null] doesn&#039;t contain keyword pets.">
      <![CDATA[java.lang.AssertionError: Movie Movie [title=The Pet, actors=[Andrea Edmondson ,, Carole Lieberman ,, Gary Null], description=A young woman in dire financial straights accepts an offer to be a wealthy aristocrat's human "pet" for six months. Then ruthless modern "pet-nappers" kidnap the woman to sell her on the GSM (Global Slave Market)., review=0, starringActorsStr=2001 - Staring: Andrea Edmondson , Carole Lieberman , Gary Null] doesn't contain keyword pets.
	at com.workable.movierama.tests.MovieSearchTest.testMovieRama(MovieSearchTest.java:59)
	at sun.reflect.NativeMethodAccessorImpl.invoke0(Native Method)
	at sun.reflect.NativeMethodAccessorImpl.invoke(NativeMethodAccessorImpl.java:62)
	at sun.reflect.DelegatingMethodAccessorImpl.invoke(DelegatingMethodAccessorImpl.java:43)
	at java.lang.reflect.Method.invoke(Method.java:498)
	at org.testng.internal.MethodInvocationHelper.invokeMethod(MethodInvocationHelper.java:86)
	at org.testng.internal.Invoker.invokeMethod(Invoker.java:643)
	at org.testng.internal.Invoker.invokeTestMethod(Invoker.java:820)
	at org.testng.internal.Invoker.invokeTestMethods(Invoker.java:1128)
	at org.testng.internal.TestMethodWorker.invokeTestMethods(TestMethodWorker.java:129)
	at org.testng.internal.TestMethodWorker.run(TestMethodWorker.java:112)
	at org.testng.TestRunner.privateRun(TestRunner.java:782)
	at org.testng.TestRunner.run(TestRunner.java:632)
	at org.testng.SuiteRunner.runTest(SuiteRunner.java:366)
	at org.testng.SuiteRunner.runSequentially(SuiteRunner.java:361)
	at org.testng.SuiteRunner.privateRun(SuiteRunner.java:319)
	at org.testng.SuiteRunner.run(SuiteRunner.java:268)
	at org.testng.SuiteRunnerWorker.runSuite(SuiteRunnerWorker.java:52)
	at org.testng.SuiteRunnerWorker.run(SuiteRunnerWorker.java:86)
	at org.testng.TestNG.runSuitesSequentially(TestNG.java:1244)
	at org.testng.TestNG.runSuitesLocally(TestNG.java:1169)
	at org.testng.TestNG.run(TestNG.java:1064)
	at org.testng.remote.AbstractRemoteTestNG.run(AbstractRemoteTestNG.java:126)
	at org.testng.remote.RemoteTestNG.initAndRun(RemoteTestNG.java:152)
	at org.testng.remote.RemoteTestNG.main(RemoteTestNG.java:57)
]]>
    </failure>
  </testcase> <!-- testMovieRama -->
  <testcase name="testMovieRama" time="9.723" classname="com.workable.movierama.tests.MovieSearchTest"/>
  <testcase name="testMovieRama" time="3.749" classname="com.workable.movierama.tests.MovieSearchTest">
    <failure type="java.lang.AssertionError" message="No movie was found satisfying search criterion and that was not communicated to the user.  expected [1] but found [2]">
      <![CDATA[java.lang.AssertionError: No movie was found satisfying search criterion and that was not communicated to the user.  expected [1] but found [2]
	at org.testng.Assert.fail(Assert.java:94)
	at org.testng.Assert.failNotEquals(Assert.java:513)
	at org.testng.Assert.assertEqualsImpl(Assert.java:135)
	at org.testng.Assert.assertEquals(Assert.java:116)
	at org.testng.Assert.assertEquals(Assert.java:389)
	at com.workable.movierama.tests.MovieSearchTest.testMovieRama(MovieSearchTest.java:47)
	at sun.reflect.NativeMethodAccessorImpl.invoke0(Native Method)
	at sun.reflect.NativeMethodAccessorImpl.invoke(NativeMethodAccessorImpl.java:62)
	at sun.reflect.DelegatingMethodAccessorImpl.invoke(DelegatingMethodAccessorImpl.java:43)
	at java.lang.reflect.Method.invoke(Method.java:498)
	at org.testng.internal.MethodInvocationHelper.invokeMethod(MethodInvocationHelper.java:86)
	at org.testng.internal.Invoker.invokeMethod(Invoker.java:643)
	at org.testng.internal.Invoker.invokeTestMethod(Invoker.java:820)
	at org.testng.internal.Invoker.invokeTestMethods(Invoker.java:1128)
	at org.testng.internal.TestMethodWorker.invokeTestMethods(TestMethodWorker.java:129)
	at org.testng.internal.TestMethodWorker.run(TestMethodWorker.java:112)
	at org.testng.TestRunner.privateRun(TestRunner.java:782)
	at org.testng.TestRunner.run(TestRunner.java:632)
	at org.testng.SuiteRunner.runTest(SuiteRunner.java:366)
	at org.testng.SuiteRunner.runSequentially(SuiteRunner.java:361)
	at org.testng.SuiteRunner.privateRun(SuiteRunner.java:319)
	at org.testng.SuiteRunner.run(SuiteRunner.java:268)
	at org.testng.SuiteRunnerWorker.runSuite(SuiteRunnerWorker.java:52)
	at org.testng.SuiteRunnerWorker.run(SuiteRunnerWorker.java:86)
	at org.testng.TestNG.runSuitesSequentially(TestNG.java:1244)
	at org.testng.TestNG.runSuitesLocally(TestNG.java:1169)
	at org.testng.TestNG.run(TestNG.java:1064)
	at org.testng.remote.AbstractRemoteTestNG.run(AbstractRemoteTestNG.java:126)
	at org.testng.remote.RemoteTestNG.initAndRun(RemoteTestNG.java:152)
	at org.testng.remote.RemoteTestNG.main(RemoteTestNG.java:57)
]]>
    </failure>
  </testcase> <!-- testMovieRama -->
  <testcase name="testMovieRama" time="0.009" classname="com.workable.movierama.tests.MovieSearchTest"/>
</testsuite> <!-- com.workable.movierama.tests.MovieSearchTest -->
